2017-11-07 09:10:48 [@R108P07HVCI]
Interne #1 : Démarrage createinquest
2017-11-07 09:11:05 [@R108P07HVCI]
Interne #1 : Démarrage watcher
2017-11-07 09:11:14 [@R108P07HVCI]
Interne #1 : Démarrage ticketrecurrent
2017-11-07 09:11:19 [@R108P07HVCI]
Interne #1 : Démarrage planningrecall
2017-11-07 09:11:38 [@R108P07HVCI]
Interne #1 : Démarrage queuednotification
2017-11-07 09:11:54 [@R108P07HVCI]
Interne #1 : Démarrage queuednotificationclean
2017-11-07 09:12:18 [@R108P07HVCI]
Interne #1 : Démarrage temp
2017-11-07 09:19:39 [2@R108P07HVCI]
Interne #1 : Démarrage mailgateerror
2017-11-21 09:59:50 [@R108P07HVCI]
Interne #1 : Démarrage contract
2017-11-21 10:05:24 [2@R108P07HVCI]
Interne #1 : Démarrage infocom
2017-11-21 10:12:48 [2@R108P07HVCI]
Interne #1 : Démarrage optimize
2017-11-21 10:19:01 [2@R108P07HVCI]
Interne #1 : Démarrage mailgate
2017-11-21 11:01:40 [2@R108P07HVCI]
Interne #1 : Démarrage session
2017-11-28 07:40:50 [@R108P07HVCI]
Interne #1 : Démarrage graph
2017-11-28 07:47:50 [2@R108P07HVCI]
Interne #1 : Démarrage reservation
2017-11-28 07:55:29 [2@R108P07HVCI]
Interne #1 : Démarrage closeticket
2017-11-28 08:00:42 [2@R108P07HVCI]
Interne #1 : Démarrage alertnotclosed
2017-11-28 08:18:19 [2@R108P07HVCI]
Interne #1 : Démarrage slaticket
2017-11-28 09:41:26 [2@R108P07HVCI]
Interne #1 : Démarrage olaticket
2017-11-28 09:48:47 [2@R108P07HVCI]
Interne #1 : Démarrage queuednotification
2017-11-28 09:58:12 [2@R108P07HVCI]
Interne #1 : Démarrage planningrecall
2017-11-28 10:15:11 [2@R108P07HVCI]
Interne #1 : Démarrage ticketrecurrent
2017-12-19 07:46:05 [@R108P07HVCI]
Interne #1 : Démarrage temp
2017-12-19 07:54:53 [2@R108P07HVCI]
Interne #1 : Démarrage createinquest
2017-12-19 08:02:16 [2@R108P07HVCI]
Interne #1 : Démarrage watcher
2017-12-19 08:03:57 [@R108P07HVCI]
Interne #1 : Démarrage queuednotificationclean
2017-12-19 08:09:48 [2@R108P07HVCI]
Interne #1 : Démarrage mailgateerror
2017-12-19 08:14:30 [@R108P07HVCI]
Interne #1 : Démarrage mailgate
2017-12-19 08:29:01 [2@R108P07HVCI]
Interne #1 : Démarrage contract
2017-12-19 08:35:49 [2@R108P07HVCI]
Interne #1 : Démarrage infocom
2017-12-19 08:40:53 [2@R108P07HVCI]
Interne #1 : Démarrage session
2017-12-19 08:47:10 [@R108P07HVCI]
Interne #1 : Démarrage slaticket
2017-12-19 08:54:54 [@R108P07HVCI]
Interne #1 : Démarrage graph
2017-12-19 08:59:59 [2@R108P07HVCI]
Interne #1 : Démarrage reservation
2017-12-19 09:05:04 [2@R108P07HVCI]
Interne #1 : Démarrage olaticket
2017-12-19 09:10:22 [2@R108P07HVCI]
Interne #1 : Démarrage queuednotification
2017-12-19 09:13:09 [@R108P07HVCI]
Interne #1 : Démarrage planningrecall
2017-12-19 09:18:34 [2@R108P07HVCI]
Interne #1 : Démarrage optimize
2017-12-19 09:33:59 [2@R108P07HVCI]
Interne #1 : Démarrage ticketrecurrent
2017-12-19 09:40:55 [2@R108P07HVCI]
Interne #1 : Démarrage closeticket
2018-04-05 07:18:15 [@R108P07HVCI]
Interne #1 : Démarrage alertnotclosed
2018-04-05 07:30:51 [2@R108P07HVCI]
Interne #1 : Démarrage mailgate
2018-04-05 07:36:29 [2@R108P07HVCI]
Interne #1 : Démarrage temp
2018-04-05 09:35:49 [@R108P07HVCI]
Interne #1 : Démarrage slaticket
