2017-11-07 09:10:54 [@R108P07HVCI]
[login] 3: Connexion échouée de root depuis l'IP ::1
2017-11-07 09:11:11 [@R108P07HVCI]
[login] 3: Connexion échouée de admin@sio.jjr.fr depuis l'IP ::1
2017-11-07 09:11:17 [@R108P07HVCI]
[login] 3: Connexion échouée de ppe.slam.sio.jjr@gmail.com depuis l'IP ::1
2017-11-07 09:11:36 [@R108P07HVCI]
[login] 3: Connexion échouée de localhost\root depuis l'IP ::1
2017-11-07 09:11:53 [@R108P07HVCI]
[login] 3: Connexion échouée de root depuis l'IP ::1
2017-11-07 09:12:13 [@R108P07HVCI]
[login] 3: Connexion échouée de qjolivet depuis l'IP ::1
2017-11-07 09:14:05 [@R108P07HVCI]
[login] 3: glpi se connecte depuis l'IP ::1
2017-11-21 10:00:07 [@R108P07HVCI]
[login] 3: glpi se connecte depuis l'IP ::1
2017-11-28 07:40:57 [@R108P07HVCI]
[login] 3: glpi se connecte depuis l'IP ::1
2017-12-19 07:46:13 [@R108P07HVCI]
[login] 3: glpi se connecte depuis l'IP ::1
2017-12-19 08:04:04 [@R108P07HVCI]
[login] 3: glpi se connecte depuis l'IP 127.0.0.1
2017-12-19 08:14:35 [@R108P07HVCI]
[login] 3: glpi se connecte depuis l'IP ::1
2017-12-19 08:23:17 [@R108P07HVCI]
[login] 3: glpi se connecte depuis l'IP 127.0.0.1
2017-12-19 08:47:14 [@R108P07HVCI]
[login] 3: glpi se connecte depuis l'IP ::1
2017-12-19 08:54:58 [@R108P07HVCI]
[login] 3: glpi se connecte depuis l'IP ::1
2017-12-19 09:13:14 [@R108P07HVCI]
[login] 3: glpi se connecte depuis l'IP ::1
2018-04-05 07:18:29 [@R108P07HVCI]
[login] 3: glpi se connecte depuis l'IP ::1
2018-04-05 09:35:54 [@R108P07HVCI]
[login] 3: glpi se connecte depuis l'IP ::1
