2017-11-21 10:06:52 [2@R108P07HVCI]
0 seconde for "Migration Classname : Migration" @ 2017-11-21 10:06:52 [2@R108P07HVCI]
0 seconde for "Update of plugin FusionInventory" @ 2017-11-21 10:06:53 [2@R108P07HVCI]
1 seconde for "Changement de la structure de la base de données - glpi_plugin_fusioninventory_agents" @ 2017-11-21 10:06:53 [2@R108P07HVCI]
0 seconde for "Changement de la structure de la base de données - glpi_plugin_fusioninventory_agentmodules" @ 2017-11-21 10:06:53 [2@R108P07HVCI]
0 seconde for "Changement de la structure de la base de données - glpi_plugin_fusioninventory_configs" @ 2017-11-21 10:06:53 [2@R108P07HVCI]
0 seconde for "Changement de la structure de la base de données - glpi_plugin_fusioninventory_entities" @ 2017-11-21 10:06:53 [2@R108P07HVCI]
0 seconde for "Changement de la structure de la base de données - glpi_plugin_fusioninventory_locks" @ 2017-11-21 10:06:54 [2@R108P07HVCI]
1 seconde for "Changement de la structure de la base de données - glpi_plugin_fusioninventory_ignoredimportdevices" @ 2017-11-21 10:06:54 [2@R108P07HVCI]
0 seconde for "Changement de la structure de la base de données - glpi_plugin_fusioninventory_ignoredimportdevices" @ 2017-11-21 10:06:54 [2@R108P07HVCI]
0 seconde for "Changement de la structure de la base de données - glpi_plugin_fusioninventory_rulematchedlogs" @ 2017-11-21 10:06:54 [2@R108P07HVCI]
0 seconde for "Changement de la structure de la base de données - glpi_plugin_fusioninventory_unmanageds" @ 2017-11-21 10:06:54 [2@R108P07HVCI]
0 seconde for "Changement de la structure de la base de données - glpi_plugin_fusioninventory_inventorycomputercriterias" @ 2017-11-21 10:06:54 [2@R108P07HVCI]
0 seconde for "Changement de la structure de la base de données - glpi_plugin_fusioninventory_inventorycomputerblacklists" @ 2017-11-21 10:06:55 [2@R108P07HVCI]
1 seconde for "Changement de la structure de la base de données - glpi_plugin_fusioninventory_inventorycomputercomputers" @ 2017-11-21 10:06:55 [2@R108P07HVCI]
0 seconde for "Changement de la structure de la base de données - glpi_plugin_fusioninventory_computerlicenseinfos" @ 2017-11-21 10:06:55 [2@R108P07HVCI]
0 seconde for "Changement de la structure de la base de données - glpi_plugin_fusioninventory_computerremotemanagements" @ 2017-11-21 10:06:55 [2@R108P07HVCI]
0 seconde for "Changement de la structure de la base de données - glpi_plugin_fusioninventory_dblockinventorynames" @ 2017-11-21 10:06:55 [2@R108P07HVCI]
0 seconde for "Changement de la structure de la base de données - glpi_plugin_fusioninventory_dblockinventories" @ 2017-11-21 10:06:55 [2@R108P07HVCI]
0 seconde for "Changement de la structure de la base de données - glpi_plugin_fusioninventory_dblocksoftwares" @ 2017-11-21 10:06:55 [2@R108P07HVCI]
0 seconde for "Changement de la structure de la base de données - glpi_plugin_fusioninventory_dblocksoftwareversions" @ 2017-11-21 10:06:56 [2@R108P07HVCI]
1 seconde for "Create rules" @ 2017-11-21 10:06:57 [2@R108P07HVCI]
1 seconde for "Changement de la structure de la base de données - glpi_plugin_fusioninventory_taskjobs" @ 2017-11-21 10:06:57 [2@R108P07HVCI]
0 seconde for "Changement de la structure de la base de données - glpi_plugin_fusioninventory_ipranges" @ 2017-11-21 10:06:57 [2@R108P07HVCI]
0 seconde for "Changement de la structure de la base de données - glpi_plugin_fusioninventory_ipranges_configsecurities" @ 2017-11-21 10:06:57 [2@R108P07HVCI]
0 seconde for "Changement de la structure de la base de données - glpi_plugin_fusioninventory_configlogfields" @ 2017-11-21 10:06:57 [2@R108P07HVCI]
0 seconde for "Changement de la structure de la base de données - glpi_plugin_fusioninventory_networkportconnectionlogs" @ 2017-11-21 10:06:58 [2@R108P07HVCI]
1 seconde for "Changement de la structure de la base de données - glpi_plugin_fusioninventory_networkporttypes" @ 2017-11-21 10:06:58 [2@R108P07HVCI]
0 seconde for "Changement de la structure de la base de données - glpi_plugin_fusioninventory_networkports" @ 2017-11-21 10:06:58 [2@R108P07HVCI]
0 seconde for "Changement de la structure de la base de données - glpi_plugin_fusioninventory_networkportlogs" @ 2017-11-21 10:06:59 [2@R108P07HVCI]
1 seconde for "Changement de la structure de la base de données - glpi_plugin_fusioninventory_printers" @ 2017-11-21 10:06:59 [2@R108P07HVCI]
0 seconde for "Changement de la structure de la base de données - glpi_plugin_fusioninventory_printerlogs" @ 2017-11-21 10:06:59 [2@R108P07HVCI]
0 seconde for "Changement de la structure de la base de données - glpi_plugin_fusioninventory_printercartridges" @ 2017-11-21 10:06:59 [2@R108P07HVCI]
0 seconde for "Clean printers" @ 2017-11-21 10:06:59 [2@R108P07HVCI]
0 seconde for "Changement de la structure de la base de données - glpi_plugin_fusioninventory_networkequipments" @ 2017-11-21 10:06:59 [2@R108P07HVCI]
0 seconde for "Changement de la structure de la base de données - glpi_plugin_fusioninventory_configsecurities" @ 2017-11-21 10:07:00 [2@R108P07HVCI]
1 seconde for "Changement de la structure de la base de données - glpi_plugin_fusioninventory_statediscoveries" @ 2017-11-21 10:07:00 [2@R108P07HVCI]
0 seconde for "Changement de la structure de la base de données - glpi_plugin_fusioninventory_mappings" @ 2017-11-21 10:07:00 [2@R108P07HVCI]
0 seconde for "Changement de la structure de la base de données - glpi_plugin_fusioninventory_deployfiles" @ 2017-11-21 10:07:00 [2@R108P07HVCI]
0 seconde for "Changement de la structure de la base de données - glpi_plugin_fusioninventory_deployfiles" @ 2017-11-21 10:07:00 [2@R108P07HVCI]
0 seconde for "Changement de la structure de la base de données - glpi_plugin_fusioninventory_deploypackages" @ 2017-11-21 10:07:00 [2@R108P07HVCI]
0 seconde for "Changement de la structure de la base de données - glpi_plugin_fusioninventory_deploypackages_entities" @ 2017-11-21 10:07:01 [2@R108P07HVCI]
1 seconde for "Changement de la structure de la base de données - glpi_plugin_fusioninventory_deploypackages_groups" @ 2017-11-21 10:07:01 [2@R108P07HVCI]
0 seconde for "Changement de la structure de la base de données - glpi_plugin_fusioninventory_deploypackages_profiles" @ 2017-11-21 10:07:01 [2@R108P07HVCI]
0 seconde for "Changement de la structure de la base de données - glpi_plugin_fusioninventory_deploypackages_users" @ 2017-11-21 10:07:01 [2@R108P07HVCI]
0 seconde for "Changement de la structure de la base de données - glpi_plugin_fusioninventory_deploymirrors" @ 2017-11-21 10:07:01 [2@R108P07HVCI]
0 seconde for "Changement de la structure de la base de données - glpi_plugin_fusioninventory_deploygroups" @ 2017-11-21 10:07:01 [2@R108P07HVCI]
0 seconde for "Changement de la structure de la base de données - glpi_plugin_fusioninventory_deploygroups_staticdatas" @ 2017-11-21 10:07:01 [2@R108P07HVCI]
0 seconde for "Changement de la structure de la base de données - glpi_plugin_fusioninventory_deploygroups_dynamicdatas" @ 2017-11-21 10:07:02 [2@R108P07HVCI]
1 seconde for "Changement de la structure de la base de données - glpi_plugin_fusioninventory_credentials" @ 2017-11-21 10:07:02 [2@R108P07HVCI]
0 seconde for "Changement de la structure de la base de données - glpi_plugin_fusioninventory_credentialips" @ 2017-11-21 10:07:02 [2@R108P07HVCI]
0 seconde for "Changement de la structure de la base de données - glpi_plugin_fusioninventory_collects" @ 2017-11-21 10:07:02 [2@R108P07HVCI]
0 seconde for "Changement de la structure de la base de données - glpi_plugin_fusioninventory_collects_registries" @ 2017-11-21 10:07:02 [2@R108P07HVCI]
0 seconde for "Changement de la structure de la base de données - glpi_plugin_fusioninventory_collects_registries_contents" @ 2017-11-21 10:07:02 [2@R108P07HVCI]
0 seconde for "Changement de la structure de la base de données - glpi_plugin_fusioninventory_collects_wmis" @ 2017-11-21 10:07:02 [2@R108P07HVCI]
0 seconde for "Changement de la structure de la base de données - glpi_plugin_fusioninventory_collects_wmis_contents" @ 2017-11-21 10:07:03 [2@R108P07HVCI]
1 seconde for "Changement de la structure de la base de données - glpi_plugin_fusioninventory_collects_files" @ 2017-11-21 10:07:03 [2@R108P07HVCI]
0 seconde for "Changement de la structure de la base de données - glpi_plugin_fusioninventory_collects_files_contents" @ 2017-11-21 10:07:03 [2@R108P07HVCI]
0 seconde for "Changement de la structure de la base de données - glpi_plugin_fusioninventory_tasks" @ 2017-11-21 10:07:03 [2@R108P07HVCI]
0 seconde for "Changement de la structure de la base de données - glpi_plugin_fusioninventory_taskjobs" @ 2017-11-21 10:07:03 [2@R108P07HVCI]
0 seconde for "Changement de la structure de la base de données - glpi_plugin_fusioninventory_taskjoblogs" @ 2017-11-21 10:07:03 [2@R108P07HVCI]
0 seconde for "Changement de la structure de la base de données - glpi_plugin_fusioninventory_taskjobstates" @ 2017-11-21 10:07:04 [2@R108P07HVCI]
1 seconde for "Changement de la structure de la base de données - glpi_plugin_fusioninventory_taskjobstates" @ 2017-11-21 10:07:04 [2@R108P07HVCI]
0 seconde for "Changement de la structure de la base de données - glpi_plugin_fusioninventory_timeslots" @ 2017-11-21 10:07:05 [2@R108P07HVCI]
1 seconde for "Changement de la structure de la base de données - glpi_plugin_fusioninventory_timeslotentries" @ 